Stack [0x674208] is OK. 
	count = 2
	size = 4
	data [0x6781c0]:
	[0] [0x6781c0] 2.000000
	[1] [0x6781c8] 3.000000
Stack [0x784208] is OK. 
	count = 0
	size = 3
	data [0x7881c0]:
Stack [0x784208] is OK. 
	count = 4
	size = 4
	data [0x7881c0]:
	[0] [0x7881c0] 2.000000
	[1] [0x7881c8] 3.000000
	[2] [0x7881d0] 5.000000
	[3] [0x7881d8] 7.000000
Stack [0x784208] is OK. 
	count = 2
	size = 4
	data [0x7881c0]:
	[0] [0x7881c0] 2.000000
	[1] [0x7881c8] 3.000000
Stack [0xcb4208] is OK. 
	count = 0
	size = 3
	data [0xcb81c0]:
Stack [0xcb4208] is OK. 
	count = 4
	size = 4
	data [0xcb81c0]:
	[0] [0xcb81c0] 2.000000
	[1] [0xcb81c8] 3.000000
	[2] [0xcb81d0] 5.000000
	[3] [0xcb81d8] 7.000000
Stack [0xcb4208] is OK. 
	count = 2
	size = 4
	data [0xcb81c0]:
	[0] [0xcb81c0] 2.000000
	[1] [0xcb81c8] 3.000000
Stack [0xcd4388] is OK. 
	count = 2
	size = 8
	data [0xcd8640]:
	[0] [0xcd8640] 5.000000
	[1] [0xcd8648] 7.000000
