Lexical analysis:
Total 217 symbols.
Total 61 tokens.
 0) type = 0 value = 123 
 1) type = 4 value =  10 
 2) type = 0 value =  40 
 3) type = 3 value =  97 
 4) type = 0 value =  41 
 5) type = 0 value =  59 
 6) type = 6 value =   1 
 7) type = 0 value =  40 
 8) type = 3 value =  97 
 9) type = 5 value =   2 
10) type = 2 value =   1 
11) type = 0 value =  41 
12) type = 0 value = 123 
13) type = 3 value =  98 
14) type = 5 value =  61 
15) type = 2 value =   1 
16) type = 0 value =  59 
17) type = 3 value =  99 
18) type = 5 value =  61 
19) type = 2 value =   1 
20) type = 0 value =  59 
21) type = 6 value =   2 
22) type = 0 value =  40 
23) type = 3 value =  99 
24) type = 5 value =   1 
25) type = 3 value =  97 
26) type = 0 value =  41 
27) type = 0 value = 123 
28) type = 3 value =  98 
29) type = 5 value =  61 
30) type = 3 value =  98 
31) type = 1 value =  42 
32) type = 3 value =  99 
33) type = 0 value =  59 
34) type = 4 value =   7 
35) type = 0 value =  40 
36) type = 3 value =  99 
37) type = 0 value =  41 
38) type = 0 value =  59 
39) type = 0 value = 125 
40) type = 0 value = 125 
41) type = 6 value =   1 
42) type = 0 value =  40 
43) type = 3 value =  97 
44) type = 5 value =  60 
45) type = 2 value =   1 
46) type = 0 value =  41 
47) type = 0 value = 123 
48) type = 3 value =  98 
49) type = 5 value =  61 
50) type = 1 value =  45 
51) type = 2 value =   1 
52) type = 0 value =  59 
53) type = 0 value = 125 
54) type = 4 value =   9 
55) type = 0 value =  40 
56) type = 3 value =  98 
57) type = 0 value =  41 
58) type = 0 value =  59 
59) type = 0 value = 125 
60) type = 0 value =   0 

Syntax analysis:
(~(scan(a))(~(if((a)(1))(~(=(b)(1))(~(=(c)(1))(~(while((c)(a))(~(=(b)(*(b)(c)))(~(inc(c)))))))))(~(if(<(a)(1))(~(=(b)(-1))))(~(print(b))))))
((scan(a))~((((a)(1))if(((b)=(1))~(((c)=(1))~((((c)(a))while(((b)=((b)*(c)))~((inc(c))~)))~))))~((((a)<(1))if(((b)=(-1))~))~((print(b))~))))
Generation successfully completed.
